<?xml version="1.0" encoding="UTF-8"?>
<!-- Generated by org.testng.reporters.JUnitReportReporter -->
<testsuite hostname="DESKTOP-U52CDKB" name="com.w2a.cucumber.zoho.runners.makemytripRunners" tests="1" failures="0" timestamp="15 Aug 2020 09:48:45 GMT" time="109.730" errors="0">
  <testcase name="runCukes" time="109.730" classname="com.w2a.cucumber.zoho.runners.makemytripRunners"/>
</testsuite> <!-- com.w2a.cucumber.zoho.runners.makemytripRunners -->
